<?xml version="1.0" encoding="UTF-8"?>
<!-- Generated by org.testng.reporters.JUnitReportReporter -->
<testsuite hostname="LAPTOP-QN8U9H69" failures="0" tests="3" name="Week3.MergeString" time="0.007" errors="0" timestamp="2024-09-28T14:36:32 IST" skipped="0">
  <testcase classname="Week3.MergeString" name="test1" time="0.006"/>
  <testcase classname="Week3.MergeString" name="test3" time="0.001"/>
  <testcase classname="Week3.MergeString" name="test2" time="0.000"/>
</testsuite> <!-- Week3.MergeString -->
