<?xml version="1.0" encoding="UTF-8"?>
<!-- Generated by org.testng.reporters.JUnitReportReporter -->
<testsuite hostname="LAPTOP-QN8U9H69" failures="0" tests="1" name="Sprint_01.S6_34_Administrator_Certifications" time="26.373" errors="0" timestamp="2024-10-14T00:15:27 IST" skipped="0">
  <testcase classname="Sprint_01.S6_34_Administrator_Certifications" name="adminCertificate" time="26.373"/>
</testsuite> <!-- Sprint_01.S6_34_Administrator_Certifications -->
