<?xml version="1.0" encoding="UTF-8"?>
<!-- Generated by org.testng.reporters.JUnitReportReporter -->
<testsuite hostname="LAPTOP-QN8U9H69" failures="0" tests="1" name="Week2.ClimbingStairs" time="0.007" errors="0" timestamp="2024-09-21T13:37:37 IST" skipped="0">
  <testcase classname="Week2.ClimbingStairs" name="climbing" time="0.007"/>
</testsuite> <!-- Week2.ClimbingStairs -->
