<?xml version="1.0" encoding="UTF-8"?>
<!-- Generated by org.testng.reporters.JUnitReportReporter -->
<testsuite hostname="LAPTOP-QN8U9H69" failures="0" tests="2" name="Week3.JewelsandStones" time="0.004" errors="0" timestamp="2024-09-28T14:42:20 IST" skipped="0">
  <testcase classname="Week3.JewelsandStones" name="testTwo" time="0.001"/>
  <testcase classname="Week3.JewelsandStones" name="testOne" time="0.003"/>
</testsuite> <!-- Week3.JewelsandStones -->
