<?xml version="1.0" encoding="UTF-8"?>
<!-- Generated by org.testng.reporters.JUnitReportReporter -->
<testsuite hostname="Aravinths-PC" failures="0" tests="1" name="Sprint_01.S6_57" time="34.524" errors="0" timestamp="2024-10-23T18:18:51 IST" skipped="0">
  <testcase classname="Sprint_01.S6_57" name="testA" time="34.524"/>
  <system-out/>
</testsuite> <!-- Sprint_01.S6_57 -->
