<?xml version="1.0" encoding="UTF-8"?>
<!-- Generated by org.testng.reporters.JUnitReportReporter -->
<testsuite hostname="User" failures="0" tests="1" name="Sprint1.S6_019_CreateContact" time="32.628" errors="0" timestamp="2024-10-12T16:59:03 IST" skipped="0">
  <testcase classname="Sprint1.S6_019_CreateContact" name="s6_019_CreateContact" time="32.628"/>
</testsuite> <!-- Sprint1.S6_019_CreateContact -->
