<?xml version="1.0" encoding="UTF-8"?>
<!-- Generated by org.testng.reporters.JUnitReportReporter -->
<testsuite hostname="LAPTOP-QN8U9H69" failures="0" tests="1" name="Week2.PalindromStringinArray" time="7485.088" errors="0" timestamp="2024-09-22T13:22:33 IST" skipped="0">
  <testcase classname="Week2.PalindromStringinArray" name="test1" time="7485.088"/>
</testsuite> <!-- Week2.PalindromStringinArray -->
