<?xml version="1.0" encoding="UTF-8"?>
<!-- Generated by org.testng.reporters.JUnitReportReporter -->
<testsuite hostname="LAPTOP-QN8U9H69" failures="0" tests="1" name="Week2.ArrangingCoins" time="0.009" errors="0" timestamp="2024-09-16T13:12:06 IST" skipped="0">
  <testcase classname="Week2.ArrangingCoins" name="completeRows" time="0.009"/>
</testsuite> <!-- Week2.ArrangingCoins -->
