<?xml version="1.0" encoding="UTF-8"?>
<!-- Generated by org.testng.reporters.JUnitReportReporter -->
<testsuite hostname="LAPTOP-QN8U9H69" failures="0" tests="1" name="Week1.ElementPlusOne" time="0.009" errors="0" timestamp="2024-09-12T20:46:47 IST" skipped="0">
  <testcase classname="Week1.ElementPlusOne" name="ele" time="0.009"/>
</testsuite> <!-- Week1.ElementPlusOne -->
