<?xml version="1.0" encoding="UTF-8"?>
<!-- Generated by org.testng.reporters.JUnitReportReporter -->
<testsuite hostname="User" failures="0" tests="1" name="Sprint1.S6_036_BoardExamSchedule" time="57.272" errors="0" timestamp="2024-10-19T11:56:59 IST" skipped="0">
  <testcase classname="Sprint1.S6_036_BoardExamSchedule" name="s6_036_BoardExamSchedule" time="57.272"/>
</testsuite> <!-- Sprint1.S6_036_BoardExamSchedule -->
