<?xml version="1.0" encoding="UTF-8"?>
<!-- Generated by org.testng.reporters.JUnitReportReporter -->
<testsuite hostname="LAPTOP-QN8U9H69" failures="0" tests="1" name="Sprint_01.S10_VerifySorting" time="22.233" errors="0" timestamp="2024-10-13T15:56:12 IST" skipped="0">
  <testcase classname="Sprint_01.S10_VerifySorting" name="SortAccountname" time="22.233"/>
</testsuite> <!-- Sprint_01.S10_VerifySorting -->
