<?xml version="1.0" encoding="UTF-8"?>
<!-- Generated by org.testng.reporters.JUnitReportReporter -->
<testsuite hostname="Aravinths-PC" failures="0" tests="1" name="Sprint_01.S6_58" time="27.607" errors="0" timestamp="2024-10-23T23:42:15 IST" skipped="0">
  <testcase classname="Sprint_01.S6_58" name="testA" time="27.607"/>
  <system-out/>
</testsuite> <!-- Sprint_01.S6_58 -->
