<?xml version="1.0" encoding="UTF-8"?>
<!-- Generated by org.testng.reporters.JUnitReportReporter -->
<testsuite hostname="LAPTOP-QN8U9H69" failures="0" tests="3" name="Week2.CheckPalindromOrNot" time="0.017" errors="0" timestamp="2024-09-21T16:13:35 IST" skipped="0">
  <testcase classname="Week2.CheckPalindromOrNot" name="testOne" time="0.012"/>
  <testcase classname="Week2.CheckPalindromOrNot" name="testTwo" time="0.003"/>
  <testcase classname="Week2.CheckPalindromOrNot" name="testThree" time="0.002"/>
</testsuite> <!-- Week2.CheckPalindromOrNot -->
