<?xml version="1.0" encoding="UTF-8"?>
<!-- Generated by org.testng.reporters.JUnitReportReporter -->
<testsuite hostname="User" failures="0" tests="1" name="Sprint1.S6_030_DeleteDashboard" time="43.107" errors="0" timestamp="2024-10-13T15:18:56 IST" skipped="0">
  <testcase classname="Sprint1.S6_030_DeleteDashboard" name="s6_030_DeleteDashboard" time="43.107"/>
</testsuite> <!-- Sprint1.S6_030_DeleteDashboard -->
