<?xml version="1.0" encoding="UTF-8"?>
<!-- Generated by org.testng.reporters.JUnitReportReporter -->
<testsuite hostname="LAPTOP-QN8U9H69" failures="0" tests="2" name="Week2.TwoSums" time="0.009" errors="0" timestamp="2024-09-16T18:04:28 IST" skipped="0">
  <testcase classname="Week2.TwoSums" name="testdata" time="0.008"/>
  <testcase classname="Week2.TwoSums" name="testdata2" time="0.001"/>
</testsuite> <!-- Week2.TwoSums -->
