<?xml version="1.0" encoding="UTF-8"?>
<!-- Generated by org.testng.reporters.JUnitReportReporter -->
<testsuite hostname="User" failures="0" tests="1" name="Sprint1.S6_052_CreateOpportunity" time="58.604" errors="0" timestamp="2024-10-18T22:19:39 IST" skipped="0">
  <testcase classname="Sprint1.S6_052_CreateOpportunity" name="s6_052_CreateOpportunity" time="58.604"/>
</testsuite> <!-- Sprint1.S6_052_CreateOpportunity -->
