<?xml version="1.0" encoding="UTF-8"?>
<!-- Generated by org.testng.reporters.JUnitReportReporter -->
<testsuite hostname="User" failures="0" tests="1" name="Sprint1.S6_050_CreateContactForCampaign" time="56.936" errors="0" timestamp="2024-10-16T18:49:12 IST" skipped="0">
  <testcase classname="Sprint1.S6_050_CreateContactForCampaign" name="s6_050_CreateContactForCampaign" time="56.936"/>
</testsuite> <!-- Sprint1.S6_050_CreateContactForCampaign -->
