<?xml version="1.0" encoding="UTF-8"?>
<!-- Generated by org.testng.reporters.JUnitReportReporter -->
<testsuite hostname="Aravinths-PC" failures="0" tests="1" name="Sprint_01.S6_036_BoardExamSchedule" time="63.410" errors="0" timestamp="2024-10-22T19:28:36 IST" skipped="0">
  <testcase classname="Sprint_01.S6_036_BoardExamSchedule" name="s6_036_BoardExamSchedule" time="63.410"/>
  <system-out/>
</testsuite> <!-- Sprint_01.S6_036_BoardExamSchedule -->
