<?xml version="1.0" encoding="UTF-8"?>
<!-- Generated by org.testng.reporters.JUnitReportReporter -->
<testsuite hostname="LAPTOP-QN8U9H69" failures="0" tests="1" name="Week3.PlusOne" time="0.006" errors="0" timestamp="2024-09-28T13:52:48 IST" skipped="0">
  <testcase classname="Week3.PlusOne" name="plus" time="0.006"/>
</testsuite> <!-- Week3.PlusOne -->
