<?xml version="1.0" encoding="UTF-8"?>
<!-- Generated by org.testng.reporters.JUnitReportReporter -->
<testsuite hostname="User" failures="0" tests="1" name="Sprint1.SampleAccountCreation_SalesForce" time="28.912" errors="0" timestamp="2024-10-08T09:46:59 IST" skipped="0">
  <testcase classname="Sprint1.SampleAccountCreation_SalesForce" name="createAccount" time="28.912"/>
</testsuite> <!-- Sprint1.SampleAccountCreation_SalesForce -->
