<?xml version="1.0" encoding="UTF-8"?>
<!-- Generated by org.testng.reporters.JUnitReportReporter -->
<testsuite hostname="User" failures="0" tests="1" name="Sprint1.S6_024_EditLegalEntity" time="41.467" errors="0" timestamp="2024-10-13T00:52:02 IST" skipped="0">
  <testcase classname="Sprint1.S6_024_EditLegalEntity" name="s6_024_EditLegalEntity" time="41.467"/>
</testsuite> <!-- Sprint1.S6_024_EditLegalEntity -->
