<?xml version="1.0" encoding="UTF-8"?>
<!-- Generated by org.testng.reporters.JUnitReportReporter -->
<testsuite hostname="LAPTOP-QN8U9H69" failures="0" tests="1" name="Sprint_01.S6_4_Create_New_Opportunity_Campaign" time="32.051" errors="0" timestamp="2024-10-14T23:49:57 IST" skipped="0">
  <testcase classname="Sprint_01.S6_4_Create_New_Opportunity_Campaign" name="createCampaignOpp" time="32.051"/>
</testsuite> <!-- Sprint_01.S6_4_Create_New_Opportunity_Campaign -->
