<?xml version="1.0" encoding="UTF-8"?>
<!-- Generated by org.testng.reporters.JUnitReportReporter -->
<testsuite hostname="LAPTOP-QN8U9H69" failures="0" tests="1" name="Week3.ReplaceAllDigitsWithCharc" time="0.009" errors="0" timestamp="2024-09-23T22:40:20 IST" skipped="0">
  <testcase classname="Week3.ReplaceAllDigitsWithCharc" name="replaced" time="0.009"/>
</testsuite> <!-- Week3.ReplaceAllDigitsWithCharc -->
