<?xml version="1.0" encoding="UTF-8"?>
<!-- Generated by org.testng.reporters.JUnitReportReporter -->
<testsuite hostname="LAPTOP-QN8U9H69" failures="0" tests="1" name="Week2.ShuffleString" time="0.008" errors="0" timestamp="2024-09-21T18:41:38 IST" skipped="0">
  <testcase classname="Week2.ShuffleString" name="Test" time="0.008"/>
</testsuite> <!-- Week2.ShuffleString -->
