<?xml version="1.0" encoding="UTF-8"?>
<!-- Generated by org.testng.reporters.JUnitReportReporter -->
<testsuite hostname="LAPTOP-QN8U9H69" failures="0" tests="3" name="Week3.NoOfSeniors$Week3Day2_NoOfSeniors" time="0.012" errors="0" timestamp="2024-09-22T16:36:34 IST" skipped="0">
  <testcase classname="Week3.NoOfSeniors$Week3Day2_NoOfSeniors" name="testOne" time="0.008"/>
  <testcase classname="Week3.NoOfSeniors$Week3Day2_NoOfSeniors" name="testThree" time="0.002"/>
  <testcase classname="Week3.NoOfSeniors$Week3Day2_NoOfSeniors" name="testTwo" time="0.002"/>
</testsuite> <!-- Week3.NoOfSeniors$Week3Day2_NoOfSeniors -->
