<?xml version="1.0" encoding="UTF-8"?>
<!-- Generated by org.testng.reporters.JUnitReportReporter -->
<testsuite hostname="Aravinths-PC" failures="0" tests="1" name="Sprint_01.Oppertunity" time="20.570" errors="0" timestamp="2024-10-22T20:58:59 IST" skipped="0">
  <testcase classname="Sprint_01.Oppertunity" name="oppertunity" time="20.570"/>
  <system-out/>
</testsuite> <!-- Sprint_01.Oppertunity -->
