<?xml version="1.0" encoding="UTF-8"?>
<!-- Generated by org.testng.reporters.JUnitReportReporter -->
<testsuite hostname="LAPTOP-QN8U9H69" failures="0" tests="1" name="Sprint_01.S6_46_Delete_Attachmen_Campaign" time="36.536" errors="0" timestamp="2024-10-15T18:45:32 IST" skipped="0">
  <testcase classname="Sprint_01.S6_46_Delete_Attachmen_Campaign" name="editCampaign" time="36.536"/>
</testsuite> <!-- Sprint_01.S6_46_Delete_Attachmen_Campaign -->
