<?xml version="1.0" encoding="UTF-8"?>
<!-- Generated by org.testng.reporters.JUnitReportReporter -->
<testsuite hostname="User" failures="0" tests="1" name="Sprint1.S6_051_DeleteContactAssociatedToCampaign" time="69.420" errors="0" timestamp="2024-10-17T01:38:17 IST" skipped="0">
  <testcase classname="Sprint1.S6_051_DeleteContactAssociatedToCampaign" name="s6_051_DeleteContactAssociatedToCampaign" time="69.420"/>
</testsuite> <!-- Sprint1.S6_051_DeleteContactAssociatedToCampaign -->
