<?xml version="1.0" encoding="UTF-8"?>
<!-- Generated by org.testng.reporters.JUnitReportReporter -->
<testsuite hostname="LAPTOP-QN8U9H69" failures="0" tests="1" name="Sprint_01.S6_22_DeleteContact" time="32.735" errors="0" timestamp="2024-10-12T20:33:57 IST" skipped="0">
  <testcase classname="Sprint_01.S6_22_DeleteContact" name="deleteContact" time="32.735"/>
</testsuite> <!-- Sprint_01.S6_22_DeleteContact -->
