<?xml version="1.0" encoding="UTF-8"?>
<!-- Generated by org.testng.reporters.JUnitReportReporter -->
<testsuite hostname="LAPTOP-QN8U9H69" failures="0" tests="3" name="Week3.PalindromStringinArray" time="0.007" errors="0" timestamp="2024-09-28T14:34:24 IST" skipped="0">
  <testcase classname="Week3.PalindromStringinArray" name="test1" time="0.005"/>
  <testcase classname="Week3.PalindromStringinArray" name="test2" time="0.001"/>
  <testcase classname="Week3.PalindromStringinArray" name="test3" time="0.001"/>
</testsuite> <!-- Week3.PalindromStringinArray -->
