<?xml version="1.0" encoding="UTF-8"?>
<!-- Generated by org.testng.reporters.JUnitReportReporter -->
<testsuite hostname="Aravinths-PC" failures="0" tests="1" name="Sprint_01.Oppertunity" time="19.673" errors="0" timestamp="2024-10-22T19:30:57 IST" skipped="0">
  <testcase classname="Sprint_01.Oppertunity" name="oppertunity" time="19.673"/>
  <system-out/>
</testsuite> <!-- Sprint_01.Oppertunity -->
