<?xml version="1.0" encoding="UTF-8"?>
<!-- Generated by org.testng.reporters.JUnitReportReporter -->
<testsuite hostname="LAPTOP-QN8U9H69" failures="0" tests="1" name="Week2.powerofthree" time="0.008" errors="0" timestamp="2024-09-21T13:23:03 IST" skipped="0">
  <testcase classname="Week2.powerofthree" name="testdata" time="0.008"/>
</testsuite> <!-- Week2.powerofthree -->
