<?xml version="1.0" encoding="UTF-8"?>
<!-- Generated by org.testng.reporters.JUnitReportReporter -->
<testsuite hostname="LAPTOP-QN8U9H69" failures="0" tests="1" name="Sprint_01.S6_28_CreateNewDashboard" time="48.507" errors="0" timestamp="2024-10-13T11:08:02 IST" skipped="0">
  <testcase classname="Sprint_01.S6_28_CreateNewDashboard" name="newDashboard" time="48.507"/>
</testsuite> <!-- Sprint_01.S6_28_CreateNewDashboard -->
