<?xml version="1.0" encoding="UTF-8"?>
<!-- Generated by org.testng.reporters.JUnitReportReporter -->
<testsuite hostname="LAPTOP-QN8U9H69" failures="0" tests="1" name="Week2.Palindrome" time="0.005" errors="0" timestamp="2024-09-16T10:11:41 IST" skipped="0">
  <testcase classname="Week2.Palindrome" name="testdata1" time="0.005"/>
</testsuite> <!-- Week2.Palindrome -->
