<?xml version="1.0" encoding="UTF-8"?>
<!-- Generated by org.testng.reporters.JUnitReportReporter -->
<testsuite hostname="LAPTOP-QN8U9H69" failures="0" tests="1" name="Sprint_01.S6_45_Edit_Campaign" time="121.321" errors="0" timestamp="2024-10-15T15:59:33 IST" skipped="0">
  <testcase classname="Sprint_01.S6_45_Edit_Campaign" name="editCampaign" time="121.321"/>
</testsuite> <!-- Sprint_01.S6_45_Edit_Campaign -->
