<?xml version="1.0" encoding="UTF-8"?>
<!-- Generated by org.testng.reporters.JUnitReportReporter -->
<testsuite hostname="User" failures="0" tests="1" name="Sprint1.S6_012_DeleteCase" time="35.918" errors="0" timestamp="2024-10-12T17:09:13 IST" skipped="0">
  <testcase classname="Sprint1.S6_012_DeleteCase" name="s6_012_DeleteCase" time="35.918"/>
</testsuite> <!-- Sprint1.S6_012_DeleteCase -->
